  Source.cpp
d:\D_nemethy\UNIversity\DE IK-PTI Msc\2020-2021 3. felev\Geometriai modellezés\Beadando_projekt(git)\B-Spline-Drawer\Szamitogepes_grafika\B-spline drawer\Source.cpp(218,16): warning C4244: 'initializing': conversion from 'double' to 'GLfloat', possible loss of data
d:\D_nemethy\UNIversity\DE IK-PTI Msc\2020-2021 3. felev\Geometriai modellezés\Beadando_projekt(git)\B-Spline-Drawer\Szamitogepes_grafika\B-spline drawer\Source.cpp(219,16): warning C4244: 'initializing': conversion from 'double' to 'GLfloat', possible loss of data
d:\D_nemethy\UNIversity\DE IK-PTI Msc\2020-2021 3. felev\Geometriai modellezés\Beadando_projekt(git)\B-Spline-Drawer\Szamitogepes_grafika\B-spline drawer\Source.cpp(221,77): warning C4244: 'argument': conversion from 'double' to 'GLfloat', possible loss of data
d:\D_nemethy\UNIversity\DE IK-PTI Msc\2020-2021 3. felev\Geometriai modellezés\Beadando_projekt(git)\B-Spline-Drawer\Szamitogepes_grafika\B-spline drawer\Source.cpp(221,60): warning C4244: 'argument': conversion from 'double' to 'GLfloat', possible loss of data
d:\D_nemethy\UNIversity\DE IK-PTI Msc\2020-2021 3. felev\Geometriai modellezés\Beadando_projekt(git)\B-Spline-Drawer\Szamitogepes_grafika\B-spline drawer\Source.cpp(221,5): warning C4267: 'argument': conversion from 'size_t' to 'GLint', possible loss of data
d:\D_nemethy\UNIversity\DE IK-PTI Msc\2020-2021 3. felev\Geometriai modellezés\Beadando_projekt(git)\B-Spline-Drawer\Szamitogepes_grafika\B-spline drawer\Source.cpp(264,75): warning C4244: 'argument': conversion from 'double' to 'GLfloat', possible loss of data
d:\D_nemethy\UNIversity\DE IK-PTI Msc\2020-2021 3. felev\Geometriai modellezés\Beadando_projekt(git)\B-Spline-Drawer\Szamitogepes_grafika\B-spline drawer\Source.cpp(264,61): warning C4244: 'argument': conversion from 'double' to 'GLfloat', possible loss of data
d:\D_nemethy\UNIversity\DE IK-PTI Msc\2020-2021 3. felev\Geometriai modellezés\Beadando_projekt(git)\B-Spline-Drawer\Szamitogepes_grafika\B-spline drawer\Source.cpp(264,6): warning C4267: 'argument': conversion from 'size_t' to 'GLint', possible loss of data
d:\D_nemethy\UNIversity\DE IK-PTI Msc\2020-2021 3. felev\Geometriai modellezés\Beadando_projekt(git)\B-Spline-Drawer\Szamitogepes_grafika\B-spline drawer\Source.cpp(363,55): warning C4267: 'argument': conversion from 'size_t' to 'GLsizei', possible loss of data
d:\D_nemethy\UNIversity\DE IK-PTI Msc\2020-2021 3. felev\Geometriai modellezés\Beadando_projekt(git)\B-Spline-Drawer\Szamitogepes_grafika\B-spline drawer\Source.cpp(368,48): warning C4267: 'argument': conversion from 'size_t' to 'GLsizei', possible loss of data
d:\D_nemethy\UNIversity\DE IK-PTI Msc\2020-2021 3. felev\Geometriai modellezés\Beadando_projekt(git)\B-Spline-Drawer\Szamitogepes_grafika\B-spline drawer\Source.cpp(372,52): warning C4267: 'argument': conversion from 'size_t' to 'GLsizei', possible loss of data
d:\D_nemethy\UNIversity\DE IK-PTI Msc\2020-2021 3. felev\Geometriai modellezés\Beadando_projekt(git)\B-Spline-Drawer\Szamitogepes_grafika\B-spline drawer\Source.cpp(423,35): warning C4267: '=': conversion from 'size_t' to 'int', possible loss of data
glfw3.lib(context.obj) : warning LNK4099: PDB 'glfw.pdb' was not found with 'glfw3.lib(context.obj)' or at 'D:\D_nemethy\UNIversity\DE IK-PTI Msc\2020-2021 3. felev\Geometriai modellezÚs\Beadando_projekt(git)\B-Spline-Drawer\Szamitogepes_grafika\x64\Debug\glfw.pdb'; linking object as if no debug info
glfw3.lib(init.obj) : warning LNK4099: PDB 'glfw.pdb' was not found with 'glfw3.lib(init.obj)' or at 'D:\D_nemethy\UNIversity\DE IK-PTI Msc\2020-2021 3. felev\Geometriai modellezÚs\Beadando_projekt(git)\B-Spline-Drawer\Szamitogepes_grafika\x64\Debug\glfw.pdb'; linking object as if no debug info
glfw3.lib(input.obj) : warning LNK4099: PDB 'glfw.pdb' was not found with 'glfw3.lib(input.obj)' or at 'D:\D_nemethy\UNIversity\DE IK-PTI Msc\2020-2021 3. felev\Geometriai modellezÚs\Beadando_projekt(git)\B-Spline-Drawer\Szamitogepes_grafika\x64\Debug\glfw.pdb'; linking object as if no debug info
glfw3.lib(monitor.obj) : warning LNK4099: PDB 'glfw.pdb' was not found with 'glfw3.lib(monitor.obj)' or at 'D:\D_nemethy\UNIversity\DE IK-PTI Msc\2020-2021 3. felev\Geometriai modellezÚs\Beadando_projekt(git)\B-Spline-Drawer\Szamitogepes_grafika\x64\Debug\glfw.pdb'; linking object as if no debug info
glfw3.lib(vulkan.obj) : warning LNK4099: PDB 'glfw.pdb' was not found with 'glfw3.lib(vulkan.obj)' or at 'D:\D_nemethy\UNIversity\DE IK-PTI Msc\2020-2021 3. felev\Geometriai modellezÚs\Beadando_projekt(git)\B-Spline-Drawer\Szamitogepes_grafika\x64\Debug\glfw.pdb'; linking object as if no debug info
glfw3.lib(window.obj) : warning LNK4099: PDB 'glfw.pdb' was not found with 'glfw3.lib(window.obj)' or at 'D:\D_nemethy\UNIversity\DE IK-PTI Msc\2020-2021 3. felev\Geometriai modellezÚs\Beadando_projekt(git)\B-Spline-Drawer\Szamitogepes_grafika\x64\Debug\glfw.pdb'; linking object as if no debug info
glfw3.lib(win32_init.obj) : warning LNK4099: PDB 'glfw.pdb' was not found with 'glfw3.lib(win32_init.obj)' or at 'D:\D_nemethy\UNIversity\DE IK-PTI Msc\2020-2021 3. felev\Geometriai modellezÚs\Beadando_projekt(git)\B-Spline-Drawer\Szamitogepes_grafika\x64\Debug\glfw.pdb'; linking object as if no debug info
glfw3.lib(win32_joystick.obj) : warning LNK4099: PDB 'glfw.pdb' was not found with 'glfw3.lib(win32_joystick.obj)' or at 'D:\D_nemethy\UNIversity\DE IK-PTI Msc\2020-2021 3. felev\Geometriai modellezÚs\Beadando_projekt(git)\B-Spline-Drawer\Szamitogepes_grafika\x64\Debug\glfw.pdb'; linking object as if no debug info
glfw3.lib(win32_monitor.obj) : warning LNK4099: PDB 'glfw.pdb' was not found with 'glfw3.lib(win32_monitor.obj)' or at 'D:\D_nemethy\UNIversity\DE IK-PTI Msc\2020-2021 3. felev\Geometriai modellezÚs\Beadando_projekt(git)\B-Spline-Drawer\Szamitogepes_grafika\x64\Debug\glfw.pdb'; linking object as if no debug info
glfw3.lib(win32_time.obj) : warning LNK4099: PDB 'glfw.pdb' was not found with 'glfw3.lib(win32_time.obj)' or at 'D:\D_nemethy\UNIversity\DE IK-PTI Msc\2020-2021 3. felev\Geometriai modellezÚs\Beadando_projekt(git)\B-Spline-Drawer\Szamitogepes_grafika\x64\Debug\glfw.pdb'; linking object as if no debug info
glfw3.lib(win32_thread.obj) : warning LNK4099: PDB 'glfw.pdb' was not found with 'glfw3.lib(win32_thread.obj)' or at 'D:\D_nemethy\UNIversity\DE IK-PTI Msc\2020-2021 3. felev\Geometriai modellezÚs\Beadando_projekt(git)\B-Spline-Drawer\Szamitogepes_grafika\x64\Debug\glfw.pdb'; linking object as if no debug info
glfw3.lib(win32_window.obj) : warning LNK4099: PDB 'glfw.pdb' was not found with 'glfw3.lib(win32_window.obj)' or at 'D:\D_nemethy\UNIversity\DE IK-PTI Msc\2020-2021 3. felev\Geometriai modellezÚs\Beadando_projekt(git)\B-Spline-Drawer\Szamitogepes_grafika\x64\Debug\glfw.pdb'; linking object as if no debug info
glfw3.lib(wgl_context.obj) : warning LNK4099: PDB 'glfw.pdb' was not found with 'glfw3.lib(wgl_context.obj)' or at 'D:\D_nemethy\UNIversity\DE IK-PTI Msc\2020-2021 3. felev\Geometriai modellezÚs\Beadando_projekt(git)\B-Spline-Drawer\Szamitogepes_grafika\x64\Debug\glfw.pdb'; linking object as if no debug info
glfw3.lib(egl_context.obj) : warning LNK4099: PDB 'glfw.pdb' was not found with 'glfw3.lib(egl_context.obj)' or at 'D:\D_nemethy\UNIversity\DE IK-PTI Msc\2020-2021 3. felev\Geometriai modellezÚs\Beadando_projekt(git)\B-Spline-Drawer\Szamitogepes_grafika\x64\Debug\glfw.pdb'; linking object as if no debug info
glfw3.lib(osmesa_context.obj) : warning LNK4099: PDB 'glfw.pdb' was not found with 'glfw3.lib(osmesa_context.obj)' or at 'D:\D_nemethy\UNIversity\DE IK-PTI Msc\2020-2021 3. felev\Geometriai modellezÚs\Beadando_projekt(git)\B-Spline-Drawer\Szamitogepes_grafika\x64\Debug\glfw.pdb'; linking object as if no debug info
  B-spline drawer.vcxproj -> D:\D_nemethy\UNIversity\DE IK-PTI Msc\2020-2021 3. felev\Geometriai modellezés\Beadando_projekt(git)\B-Spline-Drawer\Szamitogepes_grafika\x64\Debug\B-spline drawer.exe
